c:\users\lenovo\documents\visual studio 2017\projects\redalertresearch\redalertresearch\release\vc141.pdb
c:\users\lenovo\documents\visual studio 2017\projects\redalertresearch\redalertresearch\release\disolx86.obj
c:\users\lenovo\documents\visual studio 2017\projects\redalertresearch\redalertresearch\release\disolx64.obj
c:\users\lenovo\documents\visual studio 2017\projects\redalertresearch\redalertresearch\release\disolia64.obj
c:\users\lenovo\documents\visual studio 2017\projects\redalertresearch\redalertresearch\release\disolarm64.obj
c:\users\lenovo\documents\visual studio 2017\projects\redalertresearch\redalertresearch\release\disolarm.obj
c:\users\lenovo\documents\visual studio 2017\projects\redalertresearch\redalertresearch\release\disasm.obj
c:\users\lenovo\documents\visual studio 2017\projects\redalertresearch\redalertresearch\release\dllmain.obj
c:\users\lenovo\documents\visual studio 2017\projects\redalertresearch\redalertresearch\release\modules.obj
c:\users\lenovo\documents\visual studio 2017\projects\redalertresearch\redalertresearch\release\image.obj
c:\users\lenovo\documents\visual studio 2017\projects\redalertresearch\redalertresearch\release\detours.obj
c:\users\lenovo\documents\visual studio 2017\projects\redalertresearch\redalertresearch\release\jmp.obj
c:\users\lenovo\documents\visual studio 2017\projects\redalertresearch\release\redalertresearch.dll
c:\users\lenovo\documents\visual studio 2017\projects\redalertresearch\release\redalertresearch.pdb
c:\users\lenovo\documents\visual studio 2017\projects\redalertresearch\release\redalertresearch.ipdb
c:\users\lenovo\documents\visual studio 2017\projects\redalertresearch\release\redalertresearch.iobj
c:\users\lenovo\documents\visual studio 2017\projects\redalertresearch\redalertresearch\release\redalertresearch.tlog\cl.command.1.tlog
c:\users\lenovo\documents\visual studio 2017\projects\redalertresearch\redalertresearch\release\redalertresearch.tlog\cl.read.1.tlog
c:\users\lenovo\documents\visual studio 2017\projects\redalertresearch\redalertresearch\release\redalertresearch.tlog\cl.write.1.tlog
c:\users\lenovo\documents\visual studio 2017\projects\redalertresearch\redalertresearch\release\redalertresearch.tlog\link.command.1.tlog
c:\users\lenovo\documents\visual studio 2017\projects\redalertresearch\redalertresearch\release\redalertresearch.tlog\link.read.1.tlog
c:\users\lenovo\documents\visual studio 2017\projects\redalertresearch\redalertresearch\release\redalertresearch.tlog\link.write.1.tlog
c:\users\lenovo\documents\visual studio 2017\projects\redalertresearch\redalertresearch\release\redalertresearch.tlog\redalertresearch.write.1u.tlog
